#
# A fatal error has been detected by the Java Runtime Environment:
#
#  EXCEPTION_ACCESS_VIOLATION (0xc0000005) at pc=0x00007ff83bb0fa2a, pid=552, tid=16388
#
# JRE version: OpenJDK Runtime Environment Temurin-17.0.4.1+1 (17.0.4.1+1) (build 17.0.4.1+1)
# Java VM: OpenJDK 64-Bit Server VM Temurin-17.0.4.1+1 (17.0.4.1+1, mixed mode, tiered, compressed oops, compressed class ptrs, g1 gc, windows-amd64)
# Problematic frame:
# V  [jvm.dll+0x79fa2a]
#
# No core dump will be written. Minidumps are not enabled by default on client versions of Windows
#
# If you would like to submit a bug report, please visit:
#   https://github.com/adoptium/adoptium-support/issues
#

---------------  S U M M A R Y ------------

Command Line: -XX:+ShowCodeDetailsInExceptionMessages -agentlib:jdwp=transport=dt_socket,suspend=y,address=localhost:50272 -javaagent:C:\Users\marga\eclipse\jee-2022-092\eclipse\configuration\org.eclipse.osgi\421\0\.cp\lib\javaagent-shaded.jar -Dfile.encoding=UTF-8 --module-path=C:\Users\marga\.p2\pool\plugins\junit-jupiter-api_5.9.0.jar;C:\Users\marga\.p2\pool\plugins\junit-jupiter-engine_5.9.0.jar;C:\Users\marga\.p2\pool\plugins\junit-jupiter-migrationsupport_5.9.0.jar;C:\Users\marga\.p2\pool\plugins\junit-jupiter-params_5.9.0.jar;C:\Users\marga\.p2\pool\plugins\junit-platform-commons_1.9.0.jar;C:\Users\marga\.p2\pool\plugins\junit-platform-engine_1.9.0.jar;C:\Users\marga\.p2\pool\plugins\junit-platform-launcher_1.9.0.jar;C:\Users\marga\.p2\pool\plugins\junit-platform-runner_1.9.0.jar;C:\Users\marga\.p2\pool\plugins\junit-platform-suite-api_1.9.0.jar;C:\Users\marga\.p2\pool\plugins\junit-platform-suite-engine_1.9.0.jar;C:\Users\marga\.p2\pool\plugins\junit-platform-suite-commons_1.9.0.jar;C:\Users\marga\.p2\pool\plugins\junit-vintage-engine_5.9.0.jar;C:\Users\marga\.p2\pool\plugins\org.opentest4j_1.2.0.jar;C:\Users\marga\.p2\pool\plugins\org.apiguardian.api_1.1.2.jar;C:\Users\marga\.p2\pool\plugins\org.junit_4.13.2.v20211018-1956.jar;C:\Users\marga\.p2\pool\plugins\org.hamcrest.core_1.3.0.v20180420-1519.jar simulator.launcher.Main -i resources/examples/input/ex1.json -o resources/examples/output/out.1.json -s 1000 -dt 1000 -fl nlug

Host: 11th Gen Intel(R) Core(TM) i7-1165G7 @ 2.80GHz, 8 cores, 7G,  Windows 10 , 64 bit Build 19041 (10.0.19041.2364)
Time: Sun Feb 12 11:45:51 2023 Romance Standard Time elapsed time: 31.108356 seconds (0d 0h 0m 31s)

---------------  T H R E A D  ---------------

Current thread (0x000001f930296510):  JavaThread "JDWP Transport Listener: dt_socket" daemon [_thread_in_vm, id=16388, stack(0x0000001b6dc00000,0x0000001b6dd00000)]

Stack: [0x0000001b6dc00000,0x0000001b6dd00000],  sp=0x0000001b6dcff6a0,  free space=1021k
Native frames: (J=compiled Java code, j=interpreted, Vv=VM code, C=native code)
V  [jvm.dll+0x79fa2a]
V  [jvm.dll+0x50965c]
V  [jvm.dll+0x4d0cc4]
C  [jdwp.dll+0x22f7b]


siginfo: EXCEPTION_ACCESS_VIOLATION (0xc0000005), reading address 0x00000000003a003d


Register to memory mapping:

RIP=0x00007ff83bb0fa2a jvm.dll
RAX=0x000000000000003b is an unknown value
RBX=0x000001f930407888 points into unknown readable memory: 0x656c66003b6e6f00 | 00 6f 6e 3b 00 66 6c 65
RCX=0x00000000003a0039 is an unknown value
RDX=0x000001f930730d60 points into unknown readable memory: 0x74616c756d69734c | 4c 73 69 6d 75 6c 61 74
RSP=0x0000001b6dcff6a0 is pointing into the stack for thread: 0x000001f930296510
RBP=0x000001f930636520 points into unknown readable memory: 0x000001f900000002 | 02 00 00 00 f9 01 00 00
RSI=0x0 is NULL
RDI=0xffffffffffffffff is an unknown value
R8 =0x0000000000000001 is an unknown value
R9 =0x000000000000000e is an unknown value
R10=0x0 is NULL
R11=0x0000001b6dcff6c0 is pointing into the stack for thread: 0x000001f930296510
R12=0x0000001b6dcff7f8 is pointing into the stack for thread: 0x000001f930296510
R13=0x0 is NULL
R14=0x00000001001075b8 is a pointer to class: 
simulator.factories.NewtonUniversalGravitationBuilder {0x00000001001075c0}
 - instance size:     3
 - klass size:        69
 - access:            public synchronized 
 - state:             fully_initialized
 - name:              'simulator/factories/NewtonUniversalGravitationBuilder'
 - super:             'simulator/factories/Builder'
 - sub:               
 - arrays:            NULL
 - methods:           Array<T>(0x000001f9311712c8)
 - method ordering:   Array<T>(0x000001f9311715a0)
 - default_methods:   Array<T>(0x0000000000000000)
 - local interfaces:  Array<T>(0x000001f92f800058)
 - trans. interfaces: Array<T>(0x000001f92f800058)
 - constants:         constant pool [61] {0x000001f931171a80} for 'simulator/factories/NewtonUniversalGravitationBuilder' cache=0x000001f931171cd8
 - class loader data:  loader data: 0x000001f9302a1b80 for instance a 'jdk/internal/loader/ClassLoaders$AppClassLoader'{0x000000008bd5e680}
 - source file:       'NewtonUniversalGravitationBuilder.java'
 - source debug extension:       SMAP
NewtonUniversalGravitationBuilder.java
Java
*S jdt
*F
1 NewtonUniversalGravitationBuilder.java
2 file:/C:/Users/marga/eclipse-workspace/PhysicsSimulator/PhysicsSimulator1/bin/
*L
*E

 - class annotations:       Array<T>(0x0000000000000000)
 - class type annotations:  Array<T>(0x0000000000000000)
 - field annotations:       Array<T>(0x0000000000000000)
 - field type annotations:  Array<T>(0x0000000000000000)
 - previous version:  constant pool [57] {0x000001f93114eb08} for 'simulator/factories/NewtonUniversalGravitationBuilder' (extra) cache=0x000001f9311525e0
 - generic signature: '
[error occurred during error reporting (printing register info), id 0xc0000005, EXCEPTION_ACCESS_VIOLATION (0xc0000005) at pc=0x00007ff83bb10636]

Registers:
RAX=0x000000000000003b, RBX=0x000001f930407888, RCX=0x00000000003a0039, RDX=0x000001f930730d60
RSP=0x0000001b6dcff6a0, RBP=0x000001f930636520, RSI=0x0000000000000000, RDI=0xffffffffffffffff
R8 =0x0000000000000001, R9 =0x000000000000000e, R10=0x0000000000000000, R11=0x0000001b6dcff6c0
R12=0x0000001b6dcff7f8, R13=0x0000000000000000, R14=0x00000001001075b8, R15=0x0000001b6dcff848
RIP=0x00007ff83bb0fa2a, EFLAGS=0x0000000000010206

Top of Stack: (sp=0x0000001b6dcff6a0)
0x0000001b6dcff6a0:   0000000000000035 00000001001075b8
0x0000001b6dcff6b0:   000001f930296510 0000000000000000
0x0000001b6dcff6c0:   ffffffffffffffff 00007ff83b87965c
0x0000001b6dcff6d0:   000001f930407888 000001f930407850
0x0000001b6dcff6e0:   000001f930636520 000001f930574e10
0x0000001b6dcff6f0:   000001f930407800 00000000000003d8
0x0000001b6dcff700:   000001f930407810 000001f930407be8
0x0000001b6dcff710:   0000000000000002 0000001b6dcff7f8
0x0000001b6dcff720:   0000000000000000 0000000000000000
0x0000001b6dcff730:   000000008b59a668 00007ff83b840cc4
0x0000001b6dcff740:   000001f930296510 0000001b6dcff848
0x0000001b6dcff750:   000001f9155c5440 0000001b6dcff848
0x0000001b6dcff760:   000001f930296510 0000000000000000
0x0000001b6dcff770:   000001f900000000 0000000000000000
0x0000001b6dcff780:   000000000000000d 00007ff83c502f7b
0x0000001b6dcff790:   0000001b6dcff840 00007ff83c511600 

Instructions: (pc=0x00007ff83bb0fa2a)
0x00007ff83bb0f92a:   48 83 c4 20 5f e9 bc 69 90 ff cc cc cc cc cc cc
0x00007ff83bb0f93a:   cc cc cc cc cc cc 48 89 5c 24 08 57 48 83 ec 20
0x00007ff83bb0f94a:   83 fa 02 8d 42 06 b9 08 00 00 00 49 8b d8 0f 4e
0x00007ff83bb0f95a:   c1 48 63 c8 48 83 c1 07 83 e1 f8 48 63 f9 49 8b
0x00007ff83bb0f96a:   48 18 48 8b c7 48 f7 d0 48 3b c1 73 16 4c 8d 05
0x00007ff83bb0f97a:   ba 58 17 00 48 8b d7 48 8b cb e8 c7 cc 90 ff 48
0x00007ff83bb0f98a:   8b 4b 18 48 8d 04 39 48 3b 43 20 76 18 45 33 c0
0x00007ff83bb0f99a:   48 8b d7 48 8b cb 48 8b 5c 24 30 48 83 c4 20 5f
0x00007ff83bb0f9aa:   e9 21 c9 90 ff 48 89 43 18 48 8b c1 48 8b 5c 24
0x00007ff83bb0f9ba:   30 48 83 c4 20 5f c3 cc cc cc cc cc cc cc cc cc
0x00007ff83bb0f9ca:   cc cc cc cc cc cc 4c 8b d2 4c 8b d9 45 85 c0 7e
0x00007ff83bb0f9da:   3c 44 0f b7 49 04 41 8d 40 ff 41 3b c1 44 0f 4c
0x00007ff83bb0f9ea:   c8 4d 63 c1 45 85 c9 7e 1f 48 8b c2 4c 2b da 49
0x00007ff83bb0f9fa:   8b d0 0f 1f 40 00 41 0f b6 4c 03 06 88 08 48 8d
0x00007ff83bb0fa0a:   40 01 48 83 ea 01 75 ee 43 c6 04 10 00 49 8b c2
0x00007ff83bb0fa1a:   c3 cc cc cc cc cc 48 89 5c 24 08 57 48 83 ec 20
0x00007ff83bb0fa2a:   0f b7 59 04 48 8b f9 33 d2 48 8d 4b 01 e8 f4 d9
0x00007ff83bb0fa3a:   f2 ff 0f b7 57 04 4c 8b c0 3b da 0f 42 d3 44 8b
0x00007ff83bb0fa4a:   ca 85 d2 74 39 48 2b f8 0f 1f 40 00 66 66 0f 1f
0x00007ff83bb0fa5a:   84 00 00 00 00 00 0f b6 4c 07 06 88 08 48 ff c0
0x00007ff83bb0fa6a:   48 8b c8 49 2b c8 49 3b c9 7c eb 42 c6 04 02 00
0x00007ff83bb0fa7a:   49 8b c0 48 8b 5c 24 30 48 83 c4 20 5f c3 48 8b
0x00007ff83bb0fa8a:   5c 24 30 c6 04 02 00 48 83 c4 20 5f c3 cc cc cc
0x00007ff83bb0fa9a:   cc cc cc cc cc cc 4c 8b d1 45 85 c0 7e 6c 44 0f
0x00007ff83bb0faaa:   b7 49 04 41 8d 40 ff 41 3b c1 44 0f 4c c8 4d 63
0x00007ff83bb0faba:   d9 45 85 c9 7e 22 48 8b ca 4c 2b d2 4d 8b c3 0f
0x00007ff83bb0faca:   1f 80 00 00 00 00 41 0f b6 44 0a 06 88 01 48 8d
0x00007ff83bb0fada:   49 01 49 83 e8 01 75 ee 41 c6 04 13 00 48 c7 c0
0x00007ff83bb0faea:   ff ff ff ff 66 90 48 ff c0 80 3c 02 00 75 f7 48
0x00007ff83bb0fafa:   63 c8 85 c0 48 8b c2 7e 14 80 38 2f 75 03 c6 00
0x00007ff83bb0fb0a:   2e 48 ff c0 48 83 e9 01 75 ef 48 8b c2 c3 cc cc
0x00007ff83bb0fb1a:   cc cc cc cc cc cc 48 83 ec 28 e8 f7 fe ff ff 4c 


Stack slot to memory mapping:
stack at sp + 0 slots: 0x0000000000000035 is an unknown value
stack at sp + 1 slots: 0x00000001001075b8 is a pointer to class: 
simulator.factories.NewtonUniversalGravitationBuilder {0x00000001001075c0}
 - instance size:     3
 - klass size:        69
 - access:            public synchronized 
 - state:             fully_initialized
 - name:              'simulator/factories/NewtonUniversalGravitationBuilder'
 - super:             'simulator/factories/Builder'
 - sub:               
 - arrays:            NULL
 - methods:           Array<T>(0x000001f9311712c8)
 - method ordering:   Array<T>(0x000001f9311715a0)
 - default_methods:   Array<T>(0x0000000000000000)
 - local interfaces:  Array<T>(0x000001f92f800058)
 - trans. interfaces: Array<T>(0x000001f92f800058)
 - constants:         constant pool [61] {0x000001f931171a80} for 'simulator/factories/NewtonUniversalGravitationBuilder' cache=0x000001f931171cd8
 - class loader data:  loader data: 0x000001f9302a1b80 for instance a 'jdk/internal/loader/ClassLoaders$AppClassLoader'{0x000000008bd5e680}
 - source file:       'NewtonUniversalGravitationBuilder.java'
 - source debug extension:       SMAP
NewtonUniversalGravitationBuilder.java
Java
*S jdt
*F
1 NewtonUniversalGravitationBuilder.java
2 file:/C:/Users/marga/eclipse-workspace/PhysicsSimulator/PhysicsSimulator1/bin/
*L
*E

 - class annotations:       Array<T>(0x0000000000000000)
 - class type annotations:  Array<T>(0x0000000000000000)
 - field annotations:       Array<T>(0x0000000000000000)
 - field type annotations:  Array<T>(0x0000000000000000)
 - previous version:  constant pool [57] {0x000001f93114eb08} for 'simulator/factories/NewtonUniversalGravitationBuilder' (extra) cache=0x000001f9311525e0
 - generic signature: '
[error occurred during error reporting (inspecting top of stack), id 0xc0000005, EXCEPTION_ACCESS_VIOLATION (0xc0000005) at pc=0x00007ff83bb10636]


---------------  P R O C E S S  ---------------

Threads class SMR info:
_java_thread_list=0x000001f9134f44a0, length=15, elements={
0x000001f9155d9f10, 0x000001f92f383710, 0x000001f930013020, 0x000001f92f40c7f0,
0x000001f92f40d0b0, 0x000001f92f40d970, 0x000001f930019fc0, 0x000001f9300276e0,
0x000001f9300283f0, 0x000001f930032cf0, 0x000001f9300db880, 0x000001f930296510,
0x000001f9304fbed0, 0x000001f930634540, 0x000001f9306d2030
}

Java Threads: ( => current thread )
  0x000001f9155d9f10 JavaThread "main" [_thread_blocked, id=14636, stack(0x0000001b6c900000,0x0000001b6ca00000)]
  0x000001f92f383710 JavaThread "Reference Handler" daemon [_thread_blocked, id=7112, stack(0x0000001b6d000000,0x0000001b6d100000)]
  0x000001f930013020 JavaThread "Finalizer" daemon [_thread_blocked, id=16492, stack(0x0000001b6d100000,0x0000001b6d200000)]
  0x000001f92f40c7f0 JavaThread "Signal Dispatcher" daemon [_thread_blocked, id=16596, stack(0x0000001b6d200000,0x0000001b6d300000)]
  0x000001f92f40d0b0 JavaThread "Attach Listener" daemon [_thread_blocked, id=21824, stack(0x0000001b6d300000,0x0000001b6d400000)]
  0x000001f92f40d970 JavaThread "Service Thread" daemon [_thread_blocked, id=20256, stack(0x0000001b6d400000,0x0000001b6d500000)]
  0x000001f930019fc0 JavaThread "Monitor Deflation Thread" daemon [_thread_blocked, id=15804, stack(0x0000001b6d500000,0x0000001b6d600000)]
  0x000001f9300276e0 JavaThread "C2 CompilerThread0" daemon [_thread_blocked, id=6660, stack(0x0000001b6d600000,0x0000001b6d700000)]
  0x000001f9300283f0 JavaThread "C1 CompilerThread0" daemon [_thread_blocked, id=3336, stack(0x0000001b6d700000,0x0000001b6d800000)]
  0x000001f930032cf0 JavaThread "Sweeper thread" daemon [_thread_blocked, id=9572, stack(0x0000001b6d800000,0x0000001b6d900000)]
  0x000001f9300db880 JavaThread "Common-Cleaner" daemon [_thread_blocked, id=18204, stack(0x0000001b6d900000,0x0000001b6da00000)]
=>0x000001f930296510 JavaThread "JDWP Transport Listener: dt_socket" daemon [_thread_in_vm, id=16388, stack(0x0000001b6dc00000,0x0000001b6dd00000)]
  0x000001f9304fbed0 JavaThread "JDWP Event Helper Thread" daemon [_thread_blocked, id=21888, stack(0x0000001b6dd00000,0x0000001b6de00000)]
  0x000001f930634540 JavaThread "JDWP Command Reader" daemon [_thread_in_native, id=19968, stack(0x0000001b6de00000,0x0000001b6df00000)]
  0x000001f9306d2030 JavaThread "Notification Thread" daemon [_thread_blocked, id=21232, stack(0x0000001b6df00000,0x0000001b6e000000)]

Other Threads:
  0x000001f92f382fb0 VMThread "VM Thread" [stack: 0x0000001b6cf00000,0x0000001b6d000000] [id=13332]
  0x000001f915658c00 WatcherThread [stack: 0x0000001b6e000000,0x0000001b6e100000] [id=21456]
  0x000001f91562eca0 GCTaskThread "GC Thread#0" [stack: 0x0000001b6ca00000,0x0000001b6cb00000] [id=21428]
  0x000001f91563f1b0 ConcurrentGCThread "G1 Main Marker" [stack: 0x0000001b6cb00000,0x0000001b6cc00000] [id=16020]
  0x000001f91563fad0 ConcurrentGCThread "G1 Conc#0" [stack: 0x0000001b6cc00000,0x0000001b6cd00000] [id=22512]
  0x000001f9156ae730 ConcurrentGCThread "G1 Refine#0" [stack: 0x0000001b6cd00000,0x0000001b6ce00000] [id=2176]
  0x000001f92f2240b0 ConcurrentGCThread "G1 Service" [stack: 0x0000001b6ce00000,0x0000001b6cf00000] [id=19900]

Threads with active compile tasks:

VM state: not at safepoint (normal execution)

VM Mutex/Monitor currently owned by a thread: None

Heap address: 0x0000000084200000, size: 1982 MB, Compressed Oops mode: 32-bit

CDS archive(s) not mapped
Compressed class space mapped at: 0x0000000100000000-0x0000000140000000, reserved size: 1073741824
Narrow klass base: 0x0000000000000000, Narrow klass shift: 3, Narrow klass range: 0x140000000

GC Precious Log:
 CPUs: 8 total, 8 available
 Memory: 7920M
 Large Page Support: Disabled
 NUMA Support: Disabled
 Compressed Oops: Enabled (32-bit)
 Heap Region Size: 1M
 Heap Min Capacity: 8M
 Heap Initial Capacity: 124M
 Heap Max Capacity: 1982M
 Pre-touch: Disabled
 Parallel Workers: 8
 Concurrent Workers: 2
 Concurrent Refinement Workers: 8
 Periodic GC: Disabled

Heap:
 garbage-first heap   total 126976K, used 8192K [0x0000000084200000, 0x0000000100000000)
  region size 1024K, 10 young (10240K), 0 survivors (0K)
 Metaspace       used 10223K, committed 10368K, reserved 1064960K
  class space    used 897K, committed 960K, reserved 1048576K

Heap Regions: E=young(eden), S=young(survivor), O=old, HS=humongous(starts), HC=humongous(continues), CS=collection set, F=free, OA=open archive, CA=closed archive, TAMS=top-at-mark-start (previous, next)
|   0|0x0000000084200000, 0x0000000084200000, 0x0000000084300000|  0%| F|  |TAMS 0x0000000084200000, 0x0000000084200000| Untracked 
|   1|0x0000000084300000, 0x0000000084300000, 0x0000000084400000|  0%| F|  |TAMS 0x0000000084300000, 0x0000000084300000| Untracked 
|   2|0x0000000084400000, 0x0000000084400000, 0x0000000084500000|  0%| F|  |TAMS 0x0000000084400000, 0x0000000084400000| Untracked 
|   3|0x0000000084500000, 0x0000000084500000, 0x0000000084600000|  0%| F|  |TAMS 0x0000000084500000, 0x0000000084500000| Untracked 
|   4|0x0000000084600000, 0x0000000084600000, 0x0000000084700000|  0%| F|  |TAMS 0x0000000084600000, 0x0000000084600000| Untracked 
|   5|0x0000000084700000, 0x0000000084700000, 0x0000000084800000|  0%| F|  |TAMS 0x0000000084700000, 0x0000000084700000| Untracked 
|   6|0x0000000084800000, 0x0000000084800000, 0x0000000084900000|  0%| F|  |TAMS 0x0000000084800000, 0x0000000084800000| Untracked 
|   7|0x0000000084900000, 0x0000000084900000, 0x0000000084a00000|  0%| F|  |TAMS 0x0000000084900000, 0x0000000084900000| Untracked 
|   8|0x0000000084a00000, 0x0000000084a00000, 0x0000000084b00000|  0%| F|  |TAMS 0x0000000084a00000, 0x0000000084a00000| Untracked 
|   9|0x0000000084b00000, 0x0000000084b00000, 0x0000000084c00000|  0%| F|  |TAMS 0x0000000084b00000, 0x0000000084b00000| Untracked 
|  10|0x0000000084c00000, 0x0000000084c00000, 0x0000000084d00000|  0%| F|  |TAMS 0x0000000084c00000, 0x0000000084c00000| Untracked 
|  11|0x0000000084d00000, 0x0000000084d00000, 0x0000000084e00000|  0%| F|  |TAMS 0x0000000084d00000, 0x0000000084d00000| Untracked 
|  12|0x0000000084e00000, 0x0000000084e00000, 0x0000000084f00000|  0%| F|  |TAMS 0x0000000084e00000, 0x0000000084e00000| Untracked 
|  13|0x0000000084f00000, 0x0000000084f00000, 0x0000000085000000|  0%| F|  |TAMS 0x0000000084f00000, 0x0000000084f00000| Untracked 
|  14|0x0000000085000000, 0x0000000085000000, 0x0000000085100000|  0%| F|  |TAMS 0x0000000085000000, 0x0000000085000000| Untracked 
|  15|0x0000000085100000, 0x0000000085100000, 0x0000000085200000|  0%| F|  |TAMS 0x0000000085100000, 0x0000000085100000| Untracked 
|  16|0x0000000085200000, 0x0000000085200000, 0x0000000085300000|  0%| F|  |TAMS 0x0000000085200000, 0x0000000085200000| Untracked 
|  17|0x0000000085300000, 0x0000000085300000, 0x0000000085400000|  0%| F|  |TAMS 0x0000000085300000, 0x0000000085300000| Untracked 
|  18|0x0000000085400000, 0x0000000085400000, 0x0000000085500000|  0%| F|  |TAMS 0x0000000085400000, 0x0000000085400000| Untracked 
|  19|0x0000000085500000, 0x0000000085500000, 0x0000000085600000|  0%| F|  |TAMS 0x0000000085500000, 0x0000000085500000| Untracked 
|  20|0x0000000085600000, 0x0000000085600000, 0x0000000085700000|  0%| F|  |TAMS 0x0000000085600000, 0x0000000085600000| Untracked 
|  21|0x0000000085700000, 0x0000000085700000, 0x0000000085800000|  0%| F|  |TAMS 0x0000000085700000, 0x0000000085700000| Untracked 
|  22|0x0000000085800000, 0x0000000085800000, 0x0000000085900000|  0%| F|  |TAMS 0x0000000085800000, 0x0000000085800000| Untracked 
|  23|0x0000000085900000, 0x0000000085900000, 0x0000000085a00000|  0%| F|  |TAMS 0x0000000085900000, 0x0000000085900000| Untracked 
|  24|0x0000000085a00000, 0x0000000085a00000, 0x0000000085b00000|  0%| F|  |TAMS 0x0000000085a00000, 0x0000000085a00000| Untracked 
|  25|0x0000000085b00000, 0x0000000085b00000, 0x0000000085c00000|  0%| F|  |TAMS 0x0000000085b00000, 0x0000000085b00000| Untracked 
|  26|0x0000000085c00000, 0x0000000085c00000, 0x0000000085d00000|  0%| F|  |TAMS 0x0000000085c00000, 0x0000000085c00000| Untracked 
|  27|0x0000000085d00000, 0x0000000085d00000, 0x0000000085e00000|  0%| F|  |TAMS 0x0000000085d00000, 0x0000000085d00000| Untracked 
|  28|0x0000000085e00000, 0x0000000085e00000, 0x0000000085f00000|  0%| F|  |TAMS 0x0000000085e00000, 0x0000000085e00000| Untracked 
|  29|0x0000000085f00000, 0x0000000085f00000, 0x0000000086000000|  0%| F|  |TAMS 0x0000000085f00000, 0x0000000085f00000| Untracked 
|  30|0x0000000086000000, 0x0000000086000000, 0x0000000086100000|  0%| F|  |TAMS 0x0000000086000000, 0x0000000086000000| Untracked 
|  31|0x0000000086100000, 0x0000000086100000, 0x0000000086200000|  0%| F|  |TAMS 0x0000000086100000, 0x0000000086100000| Untracked 
|  32|0x0000000086200000, 0x0000000086200000, 0x0000000086300000|  0%| F|  |TAMS 0x0000000086200000, 0x0000000086200000| Untracked 
|  33|0x0000000086300000, 0x0000000086300000, 0x0000000086400000|  0%| F|  |TAMS 0x0000000086300000, 0x0000000086300000| Untracked 
|  34|0x0000000086400000, 0x0000000086400000, 0x0000000086500000|  0%| F|  |TAMS 0x0000000086400000, 0x0000000086400000| Untracked 
|  35|0x0000000086500000, 0x0000000086500000, 0x0000000086600000|  0%| F|  |TAMS 0x0000000086500000, 0x0000000086500000| Untracked 
|  36|0x0000000086600000, 0x0000000086600000, 0x0000000086700000|  0%| F|  |TAMS 0x0000000086600000, 0x0000000086600000| Untracked 
|  37|0x0000000086700000, 0x0000000086700000, 0x0000000086800000|  0%| F|  |TAMS 0x0000000086700000, 0x0000000086700000| Untracked 
|  38|0x0000000086800000, 0x0000000086800000, 0x0000000086900000|  0%| F|  |TAMS 0x0000000086800000, 0x0000000086800000| Untracked 
|  39|0x0000000086900000, 0x0000000086900000, 0x0000000086a00000|  0%| F|  |TAMS 0x0000000086900000, 0x0000000086900000| Untracked 
|  40|0x0000000086a00000, 0x0000000086a00000, 0x0000000086b00000|  0%| F|  |TAMS 0x0000000086a00000, 0x0000000086a00000| Untracked 
|  41|0x0000000086b00000, 0x0000000086b00000, 0x0000000086c00000|  0%| F|  |TAMS 0x0000000086b00000, 0x0000000086b00000| Untracked 
|  42|0x0000000086c00000, 0x0000000086c00000, 0x0000000086d00000|  0%| F|  |TAMS 0x0000000086c00000, 0x0000000086c00000| Untracked 
|  43|0x0000000086d00000, 0x0000000086d00000, 0x0000000086e00000|  0%| F|  |TAMS 0x0000000086d00000, 0x0000000086d00000| Untracked 
|  44|0x0000000086e00000, 0x0000000086e00000, 0x0000000086f00000|  0%| F|  |TAMS 0x0000000086e00000, 0x0000000086e00000| Untracked 
|  45|0x0000000086f00000, 0x0000000086f00000, 0x0000000087000000|  0%| F|  |TAMS 0x0000000086f00000, 0x0000000086f00000| Untracked 
|  46|0x0000000087000000, 0x0000000087000000, 0x0000000087100000|  0%| F|  |TAMS 0x0000000087000000, 0x0000000087000000| Untracked 
|  47|0x0000000087100000, 0x0000000087100000, 0x0000000087200000|  0%| F|  |TAMS 0x0000000087100000, 0x0000000087100000| Untracked 
|  48|0x0000000087200000, 0x0000000087200000, 0x0000000087300000|  0%| F|  |TAMS 0x0000000087200000, 0x0000000087200000| Untracked 
|  49|0x0000000087300000, 0x0000000087300000, 0x0000000087400000|  0%| F|  |TAMS 0x0000000087300000, 0x0000000087300000| Untracked 
|  50|0x0000000087400000, 0x0000000087400000, 0x0000000087500000|  0%| F|  |TAMS 0x0000000087400000, 0x0000000087400000| Untracked 
|  51|0x0000000087500000, 0x0000000087500000, 0x0000000087600000|  0%| F|  |TAMS 0x0000000087500000, 0x0000000087500000| Untracked 
|  52|0x0000000087600000, 0x0000000087600000, 0x0000000087700000|  0%| F|  |TAMS 0x0000000087600000, 0x0000000087600000| Untracked 
|  53|0x0000000087700000, 0x0000000087700000, 0x0000000087800000|  0%| F|  |TAMS 0x0000000087700000, 0x0000000087700000| Untracked 
|  54|0x0000000087800000, 0x0000000087800000, 0x0000000087900000|  0%| F|  |TAMS 0x0000000087800000, 0x0000000087800000| Untracked 
|  55|0x0000000087900000, 0x0000000087900000, 0x0000000087a00000|  0%| F|  |TAMS 0x0000000087900000, 0x0000000087900000| Untracked 
|  56|0x0000000087a00000, 0x0000000087a00000, 0x0000000087b00000|  0%| F|  |TAMS 0x0000000087a00000, 0x0000000087a00000| Untracked 
|  57|0x0000000087b00000, 0x0000000087b00000, 0x0000000087c00000|  0%| F|  |TAMS 0x0000000087b00000, 0x0000000087b00000| Untracked 
|  58|0x0000000087c00000, 0x0000000087c00000, 0x0000000087d00000|  0%| F|  |TAMS 0x0000000087c00000, 0x0000000087c00000| Untracked 
|  59|0x0000000087d00000, 0x0000000087d00000, 0x0000000087e00000|  0%| F|  |TAMS 0x0000000087d00000, 0x0000000087d00000| Untracked 
|  60|0x0000000087e00000, 0x0000000087e00000, 0x0000000087f00000|  0%| F|  |TAMS 0x0000000087e00000, 0x0000000087e00000| Untracked 
|  61|0x0000000087f00000, 0x0000000087f00000, 0x0000000088000000|  0%| F|  |TAMS 0x0000000087f00000, 0x0000000087f00000| Untracked 
|  62|0x0000000088000000, 0x0000000088000000, 0x0000000088100000|  0%| F|  |TAMS 0x0000000088000000, 0x0000000088000000| Untracked 
|  63|0x0000000088100000, 0x0000000088100000, 0x0000000088200000|  0%| F|  |TAMS 0x0000000088100000, 0x0000000088100000| Untracked 
|  64|0x0000000088200000, 0x0000000088200000, 0x0000000088300000|  0%| F|  |TAMS 0x0000000088200000, 0x0000000088200000| Untracked 
|  65|0x0000000088300000, 0x0000000088300000, 0x0000000088400000|  0%| F|  |TAMS 0x0000000088300000, 0x0000000088300000| Untracked 
|  66|0x0000000088400000, 0x0000000088400000, 0x0000000088500000|  0%| F|  |TAMS 0x0000000088400000, 0x0000000088400000| Untracked 
|  67|0x0000000088500000, 0x0000000088500000, 0x0000000088600000|  0%| F|  |TAMS 0x0000000088500000, 0x0000000088500000| Untracked 
|  68|0x0000000088600000, 0x0000000088600000, 0x0000000088700000|  0%| F|  |TAMS 0x0000000088600000, 0x0000000088600000| Untracked 
|  69|0x0000000088700000, 0x0000000088700000, 0x0000000088800000|  0%| F|  |TAMS 0x0000000088700000, 0x0000000088700000| Untracked 
|  70|0x0000000088800000, 0x0000000088800000, 0x0000000088900000|  0%| F|  |TAMS 0x0000000088800000, 0x0000000088800000| Untracked 
|  71|0x0000000088900000, 0x0000000088900000, 0x0000000088a00000|  0%| F|  |TAMS 0x0000000088900000, 0x0000000088900000| Untracked 
|  72|0x0000000088a00000, 0x0000000088a00000, 0x0000000088b00000|  0%| F|  |TAMS 0x0000000088a00000, 0x0000000088a00000| Untracked 
|  73|0x0000000088b00000, 0x0000000088b00000, 0x0000000088c00000|  0%| F|  |TAMS 0x0000000088b00000, 0x0000000088b00000| Untracked 
|  74|0x0000000088c00000, 0x0000000088c00000, 0x0000000088d00000|  0%| F|  |TAMS 0x0000000088c00000, 0x0000000088c00000| Untracked 
|  75|0x0000000088d00000, 0x0000000088d00000, 0x0000000088e00000|  0%| F|  |TAMS 0x0000000088d00000, 0x0000000088d00000| Untracked 
|  76|0x0000000088e00000, 0x0000000088e00000, 0x0000000088f00000|  0%| F|  |TAMS 0x0000000088e00000, 0x0000000088e00000| Untracked 
|  77|0x0000000088f00000, 0x0000000088f00000, 0x0000000089000000|  0%| F|  |TAMS 0x0000000088f00000, 0x0000000088f00000| Untracked 
|  78|0x0000000089000000, 0x0000000089000000, 0x0000000089100000|  0%| F|  |TAMS 0x0000000089000000, 0x0000000089000000| Untracked 
|  79|0x0000000089100000, 0x0000000089100000, 0x0000000089200000|  0%| F|  |TAMS 0x0000000089100000, 0x0000000089100000| Untracked 
|  80|0x0000000089200000, 0x0000000089200000, 0x0000000089300000|  0%| F|  |TAMS 0x0000000089200000, 0x0000000089200000| Untracked 
|  81|0x0000000089300000, 0x0000000089300000, 0x0000000089400000|  0%| F|  |TAMS 0x0000000089300000, 0x0000000089300000| Untracked 
|  82|0x0000000089400000, 0x0000000089400000, 0x0000000089500000|  0%| F|  |TAMS 0x0000000089400000, 0x0000000089400000| Untracked 
|  83|0x0000000089500000, 0x0000000089500000, 0x0000000089600000|  0%| F|  |TAMS 0x0000000089500000, 0x0000000089500000| Untracked 
|  84|0x0000000089600000, 0x0000000089600000, 0x0000000089700000|  0%| F|  |TAMS 0x0000000089600000, 0x0000000089600000| Untracked 
|  85|0x0000000089700000, 0x0000000089700000, 0x0000000089800000|  0%| F|  |TAMS 0x0000000089700000, 0x0000000089700000| Untracked 
|  86|0x0000000089800000, 0x0000000089800000, 0x0000000089900000|  0%| F|  |TAMS 0x0000000089800000, 0x0000000089800000| Untracked 
|  87|0x0000000089900000, 0x0000000089900000, 0x0000000089a00000|  0%| F|  |TAMS 0x0000000089900000, 0x0000000089900000| Untracked 
|  88|0x0000000089a00000, 0x0000000089a00000, 0x0000000089b00000|  0%| F|  |TAMS 0x0000000089a00000, 0x0000000089a00000| Untracked 
|  89|0x0000000089b00000, 0x0000000089b00000, 0x0000000089c00000|  0%| F|  |TAMS 0x0000000089b00000, 0x0000000089b00000| Untracked 
|  90|0x0000000089c00000, 0x0000000089c00000, 0x0000000089d00000|  0%| F|  |TAMS 0x0000000089c00000, 0x0000000089c00000| Untracked 
|  91|0x0000000089d00000, 0x0000000089d00000, 0x0000000089e00000|  0%| F|  |TAMS 0x0000000089d00000, 0x0000000089d00000| Untracked 
|  92|0x0000000089e00000, 0x0000000089e00000, 0x0000000089f00000|  0%| F|  |TAMS 0x0000000089e00000, 0x0000000089e00000| Untracked 
|  93|0x0000000089f00000, 0x0000000089f00000, 0x000000008a000000|  0%| F|  |TAMS 0x0000000089f00000, 0x0000000089f00000| Untracked 
|  94|0x000000008a000000, 0x000000008a000000, 0x000000008a100000|  0%| F|  |TAMS 0x000000008a000000, 0x000000008a000000| Untracked 
|  95|0x000000008a100000, 0x000000008a100000, 0x000000008a200000|  0%| F|  |TAMS 0x000000008a100000, 0x000000008a100000| Untracked 
|  96|0x000000008a200000, 0x000000008a200000, 0x000000008a300000|  0%| F|  |TAMS 0x000000008a200000, 0x000000008a200000| Untracked 
|  97|0x000000008a300000, 0x000000008a300000, 0x000000008a400000|  0%| F|  |TAMS 0x000000008a300000, 0x000000008a300000| Untracked 
|  98|0x000000008a400000, 0x000000008a400000, 0x000000008a500000|  0%| F|  |TAMS 0x000000008a400000, 0x000000008a400000| Untracked 
|  99|0x000000008a500000, 0x000000008a500000, 0x000000008a600000|  0%| F|  |TAMS 0x000000008a500000, 0x000000008a500000| Untracked 
| 100|0x000000008a600000, 0x000000008a600000, 0x000000008a700000|  0%| F|  |TAMS 0x000000008a600000, 0x000000008a600000| Untracked 
| 101|0x000000008a700000, 0x000000008a700000, 0x000000008a800000|  0%| F|  |TAMS 0x000000008a700000, 0x000000008a700000| Untracked 
| 102|0x000000008a800000, 0x000000008a800000, 0x000000008a900000|  0%| F|  |TAMS 0x000000008a800000, 0x000000008a800000| Untracked 
| 103|0x000000008a900000, 0x000000008a900000, 0x000000008aa00000|  0%| F|  |TAMS 0x000000008a900000, 0x000000008a900000| Untracked 
| 104|0x000000008aa00000, 0x000000008aa00000, 0x000000008ab00000|  0%| F|  |TAMS 0x000000008aa00000, 0x000000008aa00000| Untracked 
| 105|0x000000008ab00000, 0x000000008ab00000, 0x000000008ac00000|  0%| F|  |TAMS 0x000000008ab00000, 0x000000008ab00000| Untracked 
| 106|0x000000008ac00000, 0x000000008ac00000, 0x000000008ad00000|  0%| F|  |TAMS 0x000000008ac00000, 0x000000008ac00000| Untracked 
| 107|0x000000008ad00000, 0x000000008ad00000, 0x000000008ae00000|  0%| F|  |TAMS 0x000000008ad00000, 0x000000008ad00000| Untracked 
| 108|0x000000008ae00000, 0x000000008ae00000, 0x000000008af00000|  0%| F|  |TAMS 0x000000008ae00000, 0x000000008ae00000| Untracked 
| 109|0x000000008af00000, 0x000000008af00000, 0x000000008b000000|  0%| F|  |TAMS 0x000000008af00000, 0x000000008af00000| Untracked 
| 110|0x000000008b000000, 0x000000008b000000, 0x000000008b100000|  0%| F|  |TAMS 0x000000008b000000, 0x000000008b000000| Untracked 
| 111|0x000000008b100000, 0x000000008b100000, 0x000000008b200000|  0%| F|  |TAMS 0x000000008b100000, 0x000000008b100000| Untracked 
| 112|0x000000008b200000, 0x000000008b200000, 0x000000008b300000|  0%| F|  |TAMS 0x000000008b200000, 0x000000008b200000| Untracked 
| 113|0x000000008b300000, 0x000000008b300000, 0x000000008b400000|  0%| F|  |TAMS 0x000000008b300000, 0x000000008b300000| Untracked 
| 114|0x000000008b400000, 0x000000008b477038, 0x000000008b500000| 46%| E|  |TAMS 0x000000008b400000, 0x000000008b400000| Complete 
| 115|0x000000008b500000, 0x000000008b600000, 0x000000008b600000|100%| E|CS|TAMS 0x000000008b500000, 0x000000008b500000| Complete 
| 116|0x000000008b600000, 0x000000008b700000, 0x000000008b700000|100%| E|CS|TAMS 0x000000008b600000, 0x000000008b600000| Complete 
| 117|0x000000008b700000, 0x000000008b800000, 0x000000008b800000|100%| E|  |TAMS 0x000000008b700000, 0x000000008b700000| Complete 
| 118|0x000000008b800000, 0x000000008b900000, 0x000000008b900000|100%| E|CS|TAMS 0x000000008b800000, 0x000000008b800000| Complete 
| 119|0x000000008b900000, 0x000000008ba00000, 0x000000008ba00000|100%| E|CS|TAMS 0x000000008b900000, 0x000000008b900000| Complete 
| 120|0x000000008ba00000, 0x000000008bb00000, 0x000000008bb00000|100%| E|CS|TAMS 0x000000008ba00000, 0x000000008ba00000| Complete 
| 121|0x000000008bb00000, 0x000000008bc00000, 0x000000008bc00000|100%| E|CS|TAMS 0x000000008bb00000, 0x000000008bb00000| Complete 
| 122|0x000000008bc00000, 0x000000008bd00000, 0x000000008bd00000|100%| E|CS|TAMS 0x000000008bc00000, 0x000000008bc00000| Complete 
| 123|0x000000008bd00000, 0x000000008be00000, 0x000000008be00000|100%| E|CS|TAMS 0x000000008bd00000, 0x000000008bd00000| Complete 

Card table byte_map: [0x000001f9283b0000,0x000001f928790000] _byte_map_base: 0x000001f927f8f000

Marking Bits (Prev, Next): (CMBitMap*) 0x000001f91562f0c0, (CMBitMap*) 0x000001f91562f100
 Prev Bits: [0x000001f928b70000, 0x000001f92aa68000)
 Next Bits: [0x000001f92aa70000, 0x000001f92c968000)

Polling page: 0x000001f913780000

Metaspace:

Usage:
  Non-class:      9.11 MB used.
      Class:    897.45 KB used.
       Both:      9.98 MB used.

Virtual space:
  Non-class space:       16.00 MB reserved,       9.19 MB ( 57%) committed,  2 nodes.
      Class space:        1.00 GB reserved,     960.00 KB ( <1%) committed,  1 nodes.
             Both:        1.02 GB reserved,      10.12 MB ( <1%) committed. 

Chunk freelists:
   Non-Class:  2.55 MB
       Class:  2.95 MB
        Both:  5.50 MB

MaxMetaspaceSize: unlimited
CompressedClassSpaceSize: 1.00 GB
Initial GC threshold: 21.00 MB
Current GC threshold: 21.00 MB
CDS: off
MetaspaceReclaimPolicy: balanced
 - commit_granule_bytes: 65536.
 - commit_granule_words: 8192.
 - virtual_space_node_default_size: 1048576.
 - enlarge_chunks_in_place: 1.
 - new_chunks_are_fully_committed: 0.
 - uncommit_free_chunks: 1.
 - use_allocation_guard: 0.
 - handle_deallocations: 1.


Internal statistics:

num_allocs_failed_limit: 0.
num_arena_births: 10.
num_arena_deaths: 0.
num_vsnodes_births: 3.
num_vsnodes_deaths: 0.
num_space_committed: 162.
num_space_uncommitted: 0.
num_chunks_returned_to_freelist: 0.
num_chunks_taken_from_freelist: 56.
num_chunk_merges: 0.
num_chunk_splits: 30.
num_chunks_enlarged: 21.
num_purges: 0.
num_inconsistent_stats: 0.

CodeHeap 'non-profiled nmethods': size=120000Kb used=238Kb max_used=238Kb free=119761Kb
 bounds [0x000001f920770000, 0x000001f9209e0000, 0x000001f927ca0000]
CodeHeap 'profiled nmethods': size=120000Kb used=1102Kb max_used=1102Kb free=118897Kb
 bounds [0x000001f919240000, 0x000001f9194b0000, 0x000001f920770000]
CodeHeap 'non-nmethods': size=5760Kb used=1213Kb max_used=1238Kb free=4546Kb
 bounds [0x000001f918ca0000, 0x000001f918f10000, 0x000001f919240000]
 total_blobs=1111 nmethods=694 adapters=330
 compilation: enabled
              stopped_count=0, restarted_count=0
 full_count=0

Compilation events (20 events):
Event: 0.636 Thread 0x000001f9300283f0  686       3       org.eclipse.jdt.launching.internal.org.objectweb.asm.ClassReader::readMethod (1066 bytes)
Event: 0.636 Thread 0x000001f9305ed030  689       4       org.eclipse.jdt.launching.internal.org.objectweb.asm.ClassReader::readUtf (44 bytes)
Event: 0.641 Thread 0x000001f9305ed030 nmethod 689 0x000001f9207aaf10 code [0x000001f9207ab0a0, 0x000001f9207ab388]
Event: 0.642 Thread 0x000001f9300283f0 nmethod 686 0x000001f919349b10 code [0x000001f91934a260, 0x000001f91934e708]
Event: 0.642 Thread 0x000001f9300283f0  690       3       jdk.internal.math.FDBigInteger::mult (64 bytes)
Event: 0.642 Thread 0x000001f9300283f0 nmethod 690 0x000001f919350790 code [0x000001f919350940, 0x000001f919350b98]
Event: 0.642 Thread 0x000001f9300283f0  691       3       org.eclipse.jdt.launching.internal.org.objectweb.asm.SymbolTable::addConstantUtf8Reference (20 bytes)
Event: 0.642 Thread 0x000001f9300283f0 nmethod 691 0x000001f919350d90 code [0x000001f919350f60, 0x000001f919351228]
Event: 0.642 Thread 0x000001f9300283f0  688       3       org.eclipse.jdt.launching.internal.org.objectweb.asm.MethodWriter::computeMethodInfoSize (571 bytes)
Event: 0.643 Thread 0x000001f9300283f0 nmethod 688 0x000001f919351410 code [0x000001f919351740, 0x000001f919352558]
Event: 0.643 Thread 0x000001f9300283f0  693       3       org.eclipse.jdt.launching.internal.org.objectweb.asm.ByteVector::putByteArray (49 bytes)
Event: 0.644 Thread 0x000001f9300283f0 nmethod 693 0x000001f919352c10 code [0x000001f919352dc0, 0x000001f919353098]
Event: 0.644 Thread 0x000001f9300283f0  687       3       org.eclipse.jdt.launching.internal.org.objectweb.asm.ClassVisitor::visitMethod (24 bytes)
Event: 0.644 Thread 0x000001f9300283f0 nmethod 687 0x000001f919353190 code [0x000001f919353340, 0x000001f9193535a8]
Event: 0.644 Thread 0x000001f9300283f0  692       1       java.security.CodeSource::getLocation (5 bytes)
Event: 0.644 Thread 0x000001f9300283f0 nmethod 692 0x000001f9207ab590 code [0x000001f9207ab720, 0x000001f9207ab7f8]
Event: 0.646 Thread 0x000001f9300283f0  694       3       org.eclipse.jdt.launching.internal.org.objectweb.asm.ByteVector::<init> (13 bytes)
Event: 0.646 Thread 0x000001f9300283f0 nmethod 694 0x000001f919353690 code [0x000001f919353840, 0x000001f919353a98]
Event: 31.009 Thread 0x000001f9300276e0  695       4       org.eclipse.jdt.launching.internal.org.objectweb.asm.ClassReader::readUTF8 (23 bytes)
Event: 31.014 Thread 0x000001f9300276e0 


GC Heap History (0 events):
No events

Deoptimization events (20 events):
Event: 0.582 Thread 0x000001f9155d9f10 DEOPT PACKING pc=0x000001f9193252ac sp=0x0000001b6c9f7ec0
Event: 0.582 Thread 0x000001f9155d9f10 DEOPT UNPACKING pc=0x000001f918cf6763 sp=0x0000001b6c9f7328 mode 0
Event: 0.584 Thread 0x000001f9155d9f10 DEOPT PACKING pc=0x000001f9193252ac sp=0x0000001b6c9f7ec0
Event: 0.584 Thread 0x000001f9155d9f10 DEOPT UNPACKING pc=0x000001f918cf6763 sp=0x0000001b6c9f7328 mode 0
Event: 0.585 Thread 0x000001f9155d9f10 DEOPT PACKING pc=0x000001f9193252ac sp=0x0000001b6c9f7ec0
Event: 0.585 Thread 0x000001f9155d9f10 DEOPT UNPACKING pc=0x000001f918cf6763 sp=0x0000001b6c9f7328 mode 0
Event: 0.585 Thread 0x000001f9155d9f10 DEOPT PACKING pc=0x000001f9193252ac sp=0x0000001b6c9f7ec0
Event: 0.585 Thread 0x000001f9155d9f10 DEOPT UNPACKING pc=0x000001f918cf6763 sp=0x0000001b6c9f7328 mode 0
Event: 0.588 Thread 0x000001f9155d9f10 DEOPT PACKING pc=0x000001f9193252ac sp=0x0000001b6c9fb910
Event: 0.588 Thread 0x000001f9155d9f10 DEOPT UNPACKING pc=0x000001f918cf6763 sp=0x0000001b6c9fad78 mode 0
Event: 0.588 Thread 0x000001f9155d9f10 DEOPT PACKING pc=0x000001f9193252ac sp=0x0000001b6c9fb910
Event: 0.588 Thread 0x000001f9155d9f10 DEOPT UNPACKING pc=0x000001f918cf6763 sp=0x0000001b6c9fad78 mode 0
Event: 0.591 Thread 0x000001f9155d9f10 DEOPT PACKING pc=0x000001f9193252ac sp=0x0000001b6c9fb840
Event: 0.591 Thread 0x000001f9155d9f10 DEOPT UNPACKING pc=0x000001f918cf6763 sp=0x0000001b6c9faca8 mode 0
Event: 0.595 Thread 0x000001f9155d9f10 DEOPT PACKING pc=0x000001f9193252ac sp=0x0000001b6c9fb910
Event: 0.595 Thread 0x000001f9155d9f10 DEOPT UNPACKING pc=0x000001f918cf6763 sp=0x0000001b6c9fad78 mode 0
Event: 0.596 Thread 0x000001f9155d9f10 DEOPT PACKING pc=0x000001f9193252ac sp=0x0000001b6c9fb7d0
Event: 0.596 Thread 0x000001f9155d9f10 DEOPT UNPACKING pc=0x000001f918cf6763 sp=0x0000001b6c9fac38 mode 0
Event: 0.601 Thread 0x000001f9155d9f10 DEOPT PACKING pc=0x000001f9192d589f sp=0x0000001b6c9f7df0
Event: 0.601 Thread 0x000001f9155d9f10 DEOPT UNPACKING pc=0x000001f918cf6763 sp=0x0000001b6c9f7288 mode 0

Classes unloaded (0 events):
No events

Classes redefined (1 events):
Event: 31.011 Thread 0x000001f92f382fb0 redefined class name=simulator.factories.NewtonUniversalGravitationBuilder, count=1

Internal exceptions (1 events):
Event: 0.227 Thread 0x000001f9155d9f10 Exception <a 'java/lang/NoSuchMethodError'{0x000000008bcab578}: 'void java.lang.invoke.DirectMethodHandle$Holder.invokeSpecial(java.lang.Object, java.lang.Object, java.lang.Object)'> (0x000000008bcab578) 
thrown [s\src\hotspot\share\interpreter\linkResolver.cpp, line 759]

VM Operations (20 events):
Event: 9.730 Executing VM operation: get/set locals
Event: 9.730 Executing VM operation: get/set locals done
Event: 9.734 Executing VM operation: get/set locals
Event: 9.734 Executing VM operation: get/set locals done
Event: 11.604 Executing VM operation: get/set locals
Event: 11.605 Executing VM operation: get/set locals done
Event: 31.005 Executing VM operation: ChangeSingleStep
Event: 31.005 Executing VM operation: ChangeSingleStep done
Event: 31.005 Executing VM operation: ChangeSingleStep
Event: 31.005 Executing VM operation: ChangeSingleStep done
Event: 31.010 Executing VM operation: RedefineClasses
Event: 31.014 Executing VM operation: RedefineClasses done
Event: 31.018 Executing VM operation: ChangeBreakpoints
Event: 31.019 Executing VM operation: ChangeBreakpoints done
Event: 31.021 Executing VM operation: ChangeSingleStep
Event: 31.021 Executing VM operation: ChangeSingleStep done
Event: 31.021 Executing VM operation: get/set locals
Event: 31.021 Executing VM operation: get/set locals done
Event: 31.022 Executing VM operation: ChangeSingleStep
Event: 31.022 Executing VM operation: ChangeSingleStep done

Events (20 events):
Event: 0.622 loading class java/util/LinkedList$Node
Event: 0.622 loading class java/util/LinkedList$Node done
Event: 0.635 loading class java/lang/CloneNotSupportedException
Event: 0.635 loading class java/lang/CloneNotSupportedException done
Event: 0.637 loading class jdk/internal/math/FDBigInteger
Event: 0.637 loading class jdk/internal/math/FDBigInteger done
Event: 0.638 loading class java/util/LinkedList$ListItr
Event: 0.638 loading class java/util/LinkedList$ListItr done
Event: 0.643 loading class java/util/LinkedHashMap$LinkedValueIterator
Event: 0.644 loading class java/util/LinkedHashMap$LinkedValueIterator done
Event: 0.646 loading class java/io/Reader
Event: 0.647 loading class java/io/Reader done
Event: 0.647 loading class java/io/StringReader
Event: 0.647 loading class java/io/StringReader done
Event: 0.647 loading class java/io/InputStreamReader
Event: 0.647 loading class java/io/InputStreamReader done
Event: 0.647 loading class java/io/BufferedReader
Event: 0.647 loading class java/io/BufferedReader done
Event: 5.658 Thread 0x000001f9305ed540 Thread exited: 0x000001f9305ed540
Event: 5.658 Thread 0x000001f9305ed030 Thread exited: 0x000001f9305ed030


Dynamic libraries:
0x00007ff63e2c0000 - 0x00007ff63e2ce000 	C:\Users\marga\.p2\pool\plugins\org.eclipse.justj.openjdk.hotspot.jre.full.win32.x86_64_17.0.4.v20220903-1038\jre\bin\javaw.exe
0x00007ff888bf0000 - 0x00007ff888de8000 	C:\windows\SYSTEM32\ntdll.dll
0x00007ff888400000 - 0x00007ff8884bf000 	C:\windows\System32\KERNEL32.DLL
0x00007ff886470000 - 0x00007ff886742000 	C:\windows\System32\KERNELBASE.dll
0x00007ff8862e0000 - 0x00007ff8863e0000 	C:\windows\System32\ucrtbase.dll
0x00007ff856be0000 - 0x00007ff856bf9000 	C:\Users\marga\.p2\pool\plugins\org.eclipse.justj.openjdk.hotspot.jre.full.win32.x86_64_17.0.4.v20220903-1038\jre\bin\VCRUNTIME140.dll
0x00007ff85e8a0000 - 0x00007ff85e8b8000 	C:\Users\marga\.p2\pool\plugins\org.eclipse.justj.openjdk.hotspot.jre.full.win32.x86_64_17.0.4.v20220903-1038\jre\bin\jli.dll
0x00007ff886c30000 - 0x00007ff886dd1000 	C:\windows\System32\USER32.dll
0x00007ff886750000 - 0x00007ff886772000 	C:\windows\System32\win32u.dll
0x00007ff8875f0000 - 0x00007ff88761b000 	C:\windows\System32\GDI32.dll
0x00007ff8754b0000 - 0x00007ff87574a000 	C:\windows\WinSxS\amd64_microsoft.windows.common-controls_6595b64144ccf1df_6.0.19041.1110_none_60b5254171f9507e\COMCTL32.dll
0x00007ff888ab0000 - 0x00007ff888b4e000 	C:\windows\System32\msvcrt.dll
0x00007ff8868a0000 - 0x00007ff8869af000 	C:\windows\System32\gdi32full.dll
0x00007ff886780000 - 0x00007ff88681d000 	C:\windows\System32\msvcp_win.dll
0x00007ff887800000 - 0x00007ff887832000 	C:\windows\System32\IMM32.DLL
0x00007ff856d90000 - 0x00007ff856d9c000 	C:\Users\marga\.p2\pool\plugins\org.eclipse.justj.openjdk.hotspot.jre.full.win32.x86_64_17.0.4.v20220903-1038\jre\bin\vcruntime140_1.dll
0x00007ff83c520000 - 0x00007ff83c5b1000 	C:\Users\marga\.p2\pool\plugins\org.eclipse.justj.openjdk.hotspot.jre.full.win32.x86_64_17.0.4.v20220903-1038\jre\bin\msvcp140.dll
0x00007ff83b370000 - 0x00007ff83bfb6000 	C:\Users\marga\.p2\pool\plugins\org.eclipse.justj.openjdk.hotspot.jre.full.win32.x86_64_17.0.4.v20220903-1038\jre\bin\server\jvm.dll
0x00007ff8889e0000 - 0x00007ff888a8e000 	C:\windows\System32\ADVAPI32.dll
0x00007ff886f90000 - 0x00007ff88702c000 	C:\windows\System32\sechost.dll
0x00007ff886de0000 - 0x00007ff886f05000 	C:\windows\System32\RPCRT4.dll
0x00007ff888a90000 - 0x00007ff888a98000 	C:\windows\System32\PSAPI.DLL
0x00007ff87f7f0000 - 0x00007ff87f7f9000 	C:\windows\SYSTEM32\WSOCK32.dll
0x00007ff888760000 - 0x00007ff8887cb000 	C:\windows\System32\WS2_32.dll
0x00007ff885000000 - 0x00007ff88500a000 	C:\windows\SYSTEM32\VERSION.dll
0x00007ff86b570000 - 0x00007ff86b597000 	C:\windows\SYSTEM32\WINMM.dll
0x00007ff8849f0000 - 0x00007ff884a02000 	C:\windows\SYSTEM32\kernel.appcore.dll
0x00007ff8669b0000 - 0x00007ff8669ba000 	C:\Users\marga\.p2\pool\plugins\org.eclipse.justj.openjdk.hotspot.jre.full.win32.x86_64_17.0.4.v20220903-1038\jre\bin\jimage.dll
0x00007ff883dd0000 - 0x00007ff883fb4000 	C:\windows\SYSTEM32\DBGHELP.DLL
0x00007ff87c2b0000 - 0x00007ff87c2e5000 	C:\windows\SYSTEM32\dbgcore.DLL
0x00007ff8863e0000 - 0x00007ff886462000 	C:\windows\System32\bcryptPrimitives.dll
0x00007ff83c4e0000 - 0x00007ff83c51b000 	C:\Users\marga\.p2\pool\plugins\org.eclipse.justj.openjdk.hotspot.jre.full.win32.x86_64_17.0.4.v20220903-1038\jre\bin\jdwp.dll
0x00007ff856bd0000 - 0x00007ff856bde000 	C:\Users\marga\.p2\pool\plugins\org.eclipse.justj.openjdk.hotspot.jre.full.win32.x86_64_17.0.4.v20220903-1038\jre\bin\instrument.dll
0x00007ff866980000 - 0x00007ff8669a5000 	C:\Users\marga\.p2\pool\plugins\org.eclipse.justj.openjdk.hotspot.jre.full.win32.x86_64_17.0.4.v20220903-1038\jre\bin\java.dll
0x00007ff858af0000 - 0x00007ff858b08000 	C:\Users\marga\.p2\pool\plugins\org.eclipse.justj.openjdk.hotspot.jre.full.win32.x86_64_17.0.4.v20220903-1038\jre\bin\zip.dll
0x00007ff887840000 - 0x00007ff887f84000 	C:\windows\System32\SHELL32.dll
0x00007ff884240000 - 0x00007ff8849d2000 	C:\windows\SYSTEM32\windows.storage.dll
0x00007ff887200000 - 0x00007ff887555000 	C:\windows\System32\combase.dll
0x00007ff885d40000 - 0x00007ff885d70000 	C:\windows\SYSTEM32\Wldp.dll
0x00007ff887150000 - 0x00007ff8871fd000 	C:\windows\System32\SHCORE.dll
0x00007ff887570000 - 0x00007ff8875c5000 	C:\windows\System32\shlwapi.dll
0x00007ff886220000 - 0x00007ff88623f000 	C:\windows\SYSTEM32\profapi.dll
0x00007ff856f20000 - 0x00007ff856f39000 	C:\Users\marga\.p2\pool\plugins\org.eclipse.justj.openjdk.hotspot.jre.full.win32.x86_64_17.0.4.v20220903-1038\jre\bin\net.dll
0x00007ff880d10000 - 0x00007ff880e1c000 	C:\windows\SYSTEM32\WINHTTP.dll
0x00007ff885aa0000 - 0x00007ff885b0a000 	C:\windows\system32\mswsock.dll
0x00007ff852b60000 - 0x00007ff852b75000 	C:\Users\marga\.p2\pool\plugins\org.eclipse.justj.openjdk.hotspot.jre.full.win32.x86_64_17.0.4.v20220903-1038\jre\bin\nio.dll
0x00007ff8560a0000 - 0x00007ff8560ac000 	C:\Users\marga\.p2\pool\plugins\org.eclipse.justj.openjdk.hotspot.jre.full.win32.x86_64_17.0.4.v20220903-1038\jre\bin\dt_socket.dll
0x00007ff885740000 - 0x00007ff88577b000 	C:\windows\SYSTEM32\IPHLPAPI.DLL
0x00007ff885780000 - 0x00007ff88584a000 	C:\windows\SYSTEM32\DNSAPI.dll
0x00007ff888aa0000 - 0x00007ff888aa8000 	C:\windows\System32\NSI.dll
0x00007ff87fa40000 - 0x00007ff87fa4a000 	C:\Windows\System32\rasadhlp.dll
0x00007ff875990000 - 0x00007ff875a10000 	C:\windows\System32\fwpuclnt.dll
0x00007ff886820000 - 0x00007ff886847000 	C:\windows\System32\bcrypt.dll
0x00007ff8616e0000 - 0x00007ff8616f0000 	C:\Users\marga\.p2\pool\plugins\org.eclipse.justj.openjdk.hotspot.jre.full.win32.x86_64_17.0.4.v20220903-1038\jre\bin\verify.dll

dbghelp: loaded successfully - version: 4.0.5 - missing functions: none
symbol engine: initialized successfully - sym options: 0x614 - pdb path: .;C:\Users\marga\.p2\pool\plugins\org.eclipse.justj.openjdk.hotspot.jre.full.win32.x86_64_17.0.4.v20220903-1038\jre\bin;C:\windows\SYSTEM32;C:\windows\WinSxS\amd64_microsoft.windows.common-controls_6595b64144ccf1df_6.0.19041.1110_none_60b5254171f9507e;C:\Users\marga\.p2\pool\plugins\org.eclipse.justj.openjdk.hotspot.jre.full.win32.x86_64_17.0.4.v20220903-1038\jre\bin\server

VM Arguments:
jvm_args: -XX:+ShowCodeDetailsInExceptionMessages -agentlib:jdwp=transport=dt_socket,suspend=y,address=localhost:50272 -javaagent:C:\Users\marga\eclipse\jee-2022-092\eclipse\configuration\org.eclipse.osgi\421\0\.cp\lib\javaagent-shaded.jar -Dfile.encoding=UTF-8 --module-path=C:\Users\marga\.p2\pool\plugins\junit-jupiter-api_5.9.0.jar;C:\Users\marga\.p2\pool\plugins\junit-jupiter-engine_5.9.0.jar;C:\Users\marga\.p2\pool\plugins\junit-jupiter-migrationsupport_5.9.0.jar;C:\Users\marga\.p2\pool\plugins\junit-jupiter-params_5.9.0.jar;C:\Users\marga\.p2\pool\plugins\junit-platform-commons_1.9.0.jar;C:\Users\marga\.p2\pool\plugins\junit-platform-engine_1.9.0.jar;C:\Users\marga\.p2\pool\plugins\junit-platform-launcher_1.9.0.jar;C:\Users\marga\.p2\pool\plugins\junit-platform-runner_1.9.0.jar;C:\Users\marga\.p2\pool\plugins\junit-platform-suite-api_1.9.0.jar;C:\Users\marga\.p2\pool\plugins\junit-platform-suite-engine_1.9.0.jar;C:\Users\marga\.p2\pool\plugins\junit-platform-suite-commons_1.9.0.jar;C:\Users\marga\.p2\pool\plugins\junit-vintage-engine_5.9.0.jar;C:\Users\marga\.p2\pool\plugins\org.opentest4j_1.2.0.jar;C:\Users\marga\.p2\pool\plugins\org.apiguardian.api_1.1.2.jar;C:\Users\marga\.p2\pool\plugins\org.junit_4.13.2.v20211018-1956.jar;C:\Users\marga\.p2\pool\plugins\org.hamcrest.core_1.3.0.v20180420-1519.jar 
java_command: simulator.launcher.Main -i resources/examples/input/ex1.json -o resources/examples/output/out.1.json -s 1000 -dt 1000 -fl nlug
java_class_path (initial): C:\Users\marga\eclipse-workspace\PhysicsSimulator\PhysicsSimulator1\bin;C:\Users\marga\eclipse-workspace\PhysicsSimulator\PhysicsSimulator1\lib\commons-cli-1.4.jar;C:\Users\marga\eclipse-workspace\PhysicsSimulator\PhysicsSimulator1\lib\json.jar
Launcher Type: SUN_STANDARD

[Global flags]
     intx CICompilerCount                          = 4                                         {product} {ergonomic}
     uint ConcGCThreads                            = 2                                         {product} {ergonomic}
     uint G1ConcRefinementThreads                  = 8                                         {product} {ergonomic}
   size_t G1HeapRegionSize                         = 1048576                                   {product} {ergonomic}
    uintx GCDrainStackTargetSize                   = 64                                        {product} {ergonomic}
   size_t InitialHeapSize                          = 130023424                                 {product} {ergonomic}
   size_t MarkStackSize                            = 4194304                                   {product} {ergonomic}
   size_t MaxHeapSize                              = 2078277632                                {product} {ergonomic}
   size_t MaxNewSize                               = 1246756864                                {product} {ergonomic}
   size_t MinHeapDeltaBytes                        = 1048576                                   {product} {ergonomic}
   size_t MinHeapSize                              = 8388608                                   {product} {ergonomic}
    uintx NonNMethodCodeHeapSize                   = 5839372                                {pd product} {ergonomic}
    uintx NonProfiledCodeHeapSize                  = 122909434                              {pd product} {ergonomic}
    uintx ProfiledCodeHeapSize                     = 122909434                              {pd product} {ergonomic}
    uintx ReservedCodeCacheSize                    = 251658240                              {pd product} {ergonomic}
     bool SegmentedCodeCache                       = true                                      {product} {ergonomic}
     bool ShowCodeDetailsInExceptionMessages       = true                                   {manageable} {command line}
   size_t SoftMaxHeapSize                          = 2078277632                             {manageable} {ergonomic}
     bool UseCompressedClassPointers               = true                           {product lp64_product} {ergonomic}
     bool UseCompressedOops                        = true                           {product lp64_product} {ergonomic}
     bool UseG1GC                                  = true                                      {product} {ergonomic}
     bool UseLargePagesIndividualAllocation        = false                                  {pd product} {ergonomic}

Logging:
Log output configuration:
 #0: stdout all=warning uptime,level,tags
 #1: stderr all=off uptime,level,tags

Environment Variables:
PATH=C:\Users\marga\.p2\pool\plugins\org.eclipse.justj.openjdk.hotspot.jre.full.win32.x86_64_17.0.4.v20220903-1038\jre\bin;C:/Users/marga/.p2/pool/plugins/org.eclipse.justj.openjdk.hotspot.jre.full.win32.x86_64_17.0.4.v20220903-1038/jre/bin/server;C:/Users/marga/.p2/pool/plugins/org.eclipse.justj.openjdk.hotspot.jre.full.win32.x86_64_17.0.4.v20220903-1038/jre/bin;C:\windows\system32;C:\windows;C:\windows\System32\Wbem;C:\windows\System32\WindowsPowerShell\v1.0\;C:\windows\System32\OpenSSH\;C:\Program Files\Microsoft SQL Server\130\Tools\Binn\;C:\Program Files (x86)\dotnet\;C:\Program Files\WireGuard\;C:\Program Files\Git\cmd;C:\Users\marga\OneDrive\Documentos\uni\EclipseARM\sourcery-g++-lite-arm-2011.03\bin;C:\Users\marga\OneDrive\Documentos\uni\programacin\c++\w64devkit-1.9.0\w64devkit\bin;C:\Users\marga\AppData\Local\Programs\Microsoft VS Code\bin;C:\Users\marga\AppData\Local\GitHubDesktop\bin;C:\windows\system32;
USERNAME=marga
OS=Windows_NT
PROCESSOR_IDENTIFIER=Intel64 Family 6 Model 140 Stepping 1, GenuineIntel
TMP=C:\Users\marga\AppData\Local\Temp
TEMP=C:\Users\marga\AppData\Local\Temp



---------------  S Y S T E M  ---------------

OS:
 Windows 10 , 64 bit Build 19041 (10.0.19041.2364)
OS uptime: 2 days 1:42 hours

CPU: total 8 (initial active 8) (4 cores per cpu, 2 threads per core) family 6 model 140 stepping 1 microcode 0xa4, cx8, cmov, fxsr, ht, mmx, 3dnowpref, sse, sse2, sse3, ssse3, sse4.1, sse4.2, popcnt, lzcnt, tsc, tscinvbit, avx, avx2, aes, erms, clmul, bmi1, bmi2, adx, avx512f, avx512dq, avx512cd, avx512bw, avx512vl, sha, fma, vzeroupper, avx512_vpopcntdq, avx512_vpclmulqdq, avx512_vaes, avx512_vnni, clflush, clflushopt, clwb, avx512_vbmi2, avx512_vbmi

Memory: 4k page, system-wide physical 7920M (1007M free)
TotalPageFile size 23280M (AvailPageFile size 9701M)
current process WorkingSet (physical memory assigned to process): 52M, peak: 55M
current process commit charge ("private bytes"): 208M, peak: 212M

vm_info: OpenJDK 64-Bit Server VM (17.0.4.1+1) for windows-amd64 JRE (17.0.4.1+1), built on Aug 17 2022 07:42:43 by "temurin" with MS VC++ 16.7 (VS2019)

END.
